{"numTotalTestSuites":62,"numPassedTestSuites":62,"numFailedTestSuites":0,"numPendingTestSuites":0,"numTotalTests":205,"numPassedTests":205,"numFailedTests":0,"numPendingTests":0,"numTodoTests":0,"snapshot":{"added":0,"failure":false,"filesAdded":0,"filesRemoved":0,"filesRemovedList":[],"filesUnmatched":0,"filesUpdated":0,"matched":0,"total":0,"unchecked":0,"uncheckedKeysByFile":[],"unmatched":0,"updated":0,"didUpdate":false},"startTime":1784088148676,"success":true,"testResults":[{"assertionResults":[{"ancestorTitles":["development orchestration"],"fullName":"development orchestration starts the companion watcher and Vite UI on the fixed proxy port","status":"passed","title":"starts the companion watcher and Vite UI on the fixed proxy port","duration":6.613399999999956,"failureMessages":[],"meta":{}},{"ancestorTitles":["development orchestration"],"fullName":"development orchestration shuts down both processes once when either child fails","status":"passed","title":"shuts down both processes once when either child fails","duration":3.983699999999999,"failureMessages":[],"meta":{}},{"ancestorTitles":["development orchestration"],"fullName":"development orchestration rewrites the development proxy boundary to the companion origin","status":"passed","title":"rewrites the development proxy boundary to the companion origin","duration":1.411200000000008,"failureMessages":[],"meta":{}},{"ancestorTitles":["development orchestration"],"fullName":"development orchestration uses exactly one updating launcher and one no-update launcher","status":"passed","title":"uses exactly one updating launcher and one no-update launcher","duration":5.063299999999799,"failureMessages":[],"meta":{}}],"startTime":1784088156023,"endTime":1784088156041.0632,"status":"passed","message":"","name":"D:/a/rogue-offline/rogue-offline/Tool/scripts/dev.test.js"},{"assertionResults":[{"ancestorTitles":["Windows launcher syntax"],"fullName":"Windows launcher syntax contains one extractable embedded updater program","status":"passed","title":"contains one extractable embedded updater program","duration":3.651499999999942,"failureMessages":[],"meta":{}},{"ancestorTitles":["Windows launcher syntax"],"fullName":"Windows launcher syntax parses the embedded updater with Windows PowerShell","status":"passed","title":"parses the embedded updater with Windows PowerShell","duration":370.79460000000006,"failureMessages":[],"meta":{}}],"startTime":1784088156815,"endTime":1784088157189.7947,"status":"passed","message":"","name":"D:/a/rogue-offline/rogue-offline/Tool/scripts/launcher-syntax.test.js"},{"assertionResults":[{"ancestorTitles":["local companion API"],"fullName":"local companion API reports service health with an exact JSON length and supports HEAD","status":"passed","title":"reports service health with an exact JSON length and supports HEAD","duration":27.307500000000005,"failureMessages":[],"meta":{}},{"ancestorTitles":["local companion API"],"fullName":"local companion API creates and returns the repository canonical project","status":"passed","title":"creates and returns the repository canonical project","duration":7.309500000000071,"failureMessages":[],"meta":{}},{"ancestorTitles":["local companion API"],"fullName":"local companion API saves and returns the repository canonical project","status":"passed","title":"saves and returns the repository canonical project","duration":4.408600000000092,"failureMessages":[],"meta":{}},{"ancestorTitles":["local companion API"],"fullName":"local companion API opens and returns the repository canonical project","status":"passed","title":"opens and returns the repository canonical project","duration":3.9022999999999683,"failureMessages":[],"meta":{}},{"ancestorTitles":["local companion API"],"fullName":"local companion API creates, saves, and opens a project through the real repository","status":"passed","title":"creates, saves, and opens a project through the real repository","duration":207.22360000000003,"failureMessages":[],"meta":{}},{"ancestorTitles":["local companion API"],"fullName":"local companion API returns the selected folder and preserves an empty cancellation result","status":"passed","title":"returns the selected folder and preserves an empty cancellation result","duration":5.4806999999998425,"failureMessages":[],"meta":{}},{"ancestorTitles":["local companion API"],"fullName":"local companion API returns JSON 404 and never sends unknown APIs to the static handler","status":"passed","title":"returns JSON 404 and never sends unknown APIs to the static handler","duration":4.713500000000067,"failureMessages":[],"meta":{}},{"ancestorTitles":["local companion API"],"fullName":"local companion API returns 405 with Allow for method-mismatched known APIs","status":"passed","title":"returns 405 with Allow for method-mismatched known APIs","duration":4.822799999999916,"failureMessages":[],"meta":{}},{"ancestorTitles":["local companion API"],"fullName":"local companion API returns 405 for DELETE /api/projects before checking a supplied foreign Origin","status":"passed","title":"returns 405 for DELETE /api/projects before checking a supplied foreign Origin","duration":4.5154,"failureMessages":[],"meta":{}},{"ancestorTitles":["local companion API"],"fullName":"local companion API returns 405 for PATCH /api/dialog/folder before checking a supplied foreign Origin","status":"passed","title":"returns 405 for PATCH /api/dialog/folder before checking a supplied foreign Origin","duration":4.492100000000164,"failureMessages":[],"meta":{}},{"ancestorTitles":["local companion API"],"fullName":"local companion API returns 405 for POST /api/health before checking a supplied foreign Origin","status":"passed","title":"returns 405 for POST /api/health before checking a supplied foreign Origin","duration":3.0086999999998625,"failureMessages":[],"meta":{}},{"ancestorTitles":["local companion API"],"fullName":"local companion API reports unsupported, malformed, and oversized JSON bodies as 4xx errors","status":"passed","title":"reports unsupported, malformed, and oversized JSON bodies as 4xx errors","duration":15.212299999999914,"failureMessages":[],"meta":{}},{"ancestorTitles":["local companion API"],"fullName":"local companion API accepts case-insensitive JSON content types with charset and treats an empty body as an object","status":"passed","title":"accepts case-insensitive JSON content types with charset and treats an empty body as an object","duration":3.678100000000086,"failureMessages":[],"meta":{}},{"ancestorTitles":["local companion API"],"fullName":"local companion API rejects non-object and incomplete route payloads as request errors","status":"passed","title":"rejects non-object and incomplete route payloads as request errors","duration":11.120699999999943,"failureMessages":[],"meta":{}},{"ancestorTitles":["local companion API"],"fullName":"local companion API maps expected project failures to contextual actionable 4xx responses","status":"passed","title":"maps expected project failures to contextual actionable 4xx responses","duration":17.687799999999925,"failureMessages":[],"meta":{}},{"ancestorTitles":["local companion API"],"fullName":"local companion API hides picker and runtime diagnostics behind a generic 500 response","status":"passed","title":"hides picker and runtime diagnostics behind a generic 500 response","duration":10.230299999999943,"failureMessages":[],"meta":{}},{"ancestorTitles":["local companion API"],"fullName":"local companion API allows desktop clients and matching hosts but blocks supplied cross-origin mutations","status":"passed","title":"allows desktop clients and matching hosts but blocks supplied cross-origin mutations","duration":6.274999999999864,"failureMessages":[],"meta":{}},{"ancestorTitles":["local companion API"],"fullName":"local companion API rejects a spoofed Host and HTTPS Origin at the live loopback boundary","status":"passed","title":"rejects a spoofed Host and HTTPS Origin at the live loopback boundary","duration":8.916000000000167,"failureMessages":[],"meta":{}},{"ancestorTitles":["local companion API"],"fullName":"local companion API rejects a non-origin-only Origin value: https://127.0.0.1:43123/","status":"passed","title":"rejects a non-origin-only Origin value: https://127.0.0.1:43123/","duration":0.590099999999893,"failureMessages":[],"meta":{}},{"ancestorTitles":["local companion API"],"fullName":"local companion API rejects a non-origin-only Origin value: https://127.0.0.1:43123/path","status":"passed","title":"rejects a non-origin-only Origin value: https://127.0.0.1:43123/path","duration":0.7403999999999087,"failureMessages":[],"meta":{}},{"ancestorTitles":["local companion API"],"fullName":"local companion API rejects a non-origin-only Origin value: https://user@127.0.0.1:43123","status":"passed","title":"rejects a non-origin-only Origin value: https://user@127.0.0.1:43123","duration":0.45659999999998035,"failureMessages":[],"meta":{}},{"ancestorTitles":["local companion API"],"fullName":"local companion API rejects a non-origin-only Origin value: https://127.0.0.1:43123?x=1","status":"passed","title":"rejects a non-origin-only Origin value: https://127.0.0.1:43123?x=1","duration":0.5686000000000604,"failureMessages":[],"meta":{}},{"ancestorTitles":["local companion API"],"fullName":"local companion API rejects a non-origin-only Origin value: https://127.0.0.1:43123#x","status":"passed","title":"rejects a non-origin-only Origin value: https://127.0.0.1:43123#x","duration":2.215700000000197,"failureMessages":[],"meta":{}},{"ancestorTitles":["local companion API"],"fullName":"local companion API rejects a non-origin-only Origin value: ftp://127.0.0.1:43123","status":"passed","title":"rejects a non-origin-only Origin value: ftp://127.0.0.1:43123","duration":0.35350000000016735,"failureMessages":[],"meta":{}},{"ancestorTitles":["local companion API"],"fullName":"local companion API rejects a non-origin-only Origin value:  https://127.0.0.1:43123","status":"passed","title":"rejects a non-origin-only Origin value:  https://127.0.0.1:43123","duration":0.4855000000000018,"failureMessages":[],"meta":{}},{"ancestorTitles":["local companion API"],"fullName":"local companion API rejects a non-origin-only Origin value: https://127.0.0.1:43123 ","status":"passed","title":"rejects a non-origin-only Origin value: https://127.0.0.1:43123 ","duration":0.34049999999979264,"failureMessages":[],"meta":{}},{"ancestorTitles":["local companion API"],"fullName":"local companion API returns 403 for a matching-host Origin with a trailing slash","status":"passed","title":"returns 403 for a matching-host Origin with a trailing slash","duration":4.35349999999994,"failureMessages":[],"meta":{}},{"ancestorTitles":["local companion API"],"fullName":"local companion API invokes static serving only for non-API GET and HEAD requests","status":"passed","title":"invokes static serving only for non-API GET and HEAD requests","duration":6.4232999999999265,"failureMessages":[],"meta":{}},{"ancestorTitles":["local companion API"],"fullName":"local companion API does not send again or leak a rejection when a static handler ends then rejects","status":"passed","title":"does not send again or leak a rejection when a static handler ends then rejects","duration":2.4781000000000404,"failureMessages":[],"meta":{}},{"ancestorTitles":["local companion API"],"fullName":"local companion API destroys without a second write when a static handler writes headers then rejects","status":"passed","title":"destroys without a second write when a static handler writes headers then rejects","duration":1.3173000000001593,"failureMessages":[],"meta":{}},{"ancestorTitles":["static file handler"],"fullName":"static file handler serves dev.html at the root and common assets with accurate metadata","status":"passed","title":"serves dev.html at the root and common assets with accurate metadata","duration":33.962999999999965,"failureMessages":[],"meta":{}},{"ancestorTitles":["static file handler"],"fullName":"static file handler sends file headers but no body for HEAD","status":"passed","title":"sends file headers but no body for HEAD","duration":11.092200000000048,"failureMessages":[],"meta":{}},{"ancestorTitles":["static file handler"],"fullName":"static file handler rejects malformed or escaping URL path /%2e%2e%2fsecret.txt","status":"passed","title":"rejects malformed or escaping URL path /%2e%2e%2fsecret.txt","duration":6.828199999999924,"failureMessages":[],"meta":{}},{"ancestorTitles":["static file handler"],"fullName":"static file handler rejects malformed or escaping URL path /nested%2f..%2fsecret.txt","status":"passed","title":"rejects malformed or escaping URL path /nested%2f..%2fsecret.txt","duration":8.84030000000007,"failureMessages":[],"meta":{}},{"ancestorTitles":["static file handler"],"fullName":"static file handler rejects malformed or escaping URL path /..%5csecret.txt","status":"passed","title":"rejects malformed or escaping URL path /..%5csecret.txt","duration":6.393600000000106,"failureMessages":[],"meta":{}},{"ancestorTitles":["static file handler"],"fullName":"static file handler rejects malformed or escaping URL path /%00secret.txt","status":"passed","title":"rejects malformed or escaping URL path /%00secret.txt","duration":6.020800000000008,"failureMessages":[],"meta":{}},{"ancestorTitles":["static file handler"],"fullName":"static file handler rejects malformed or escaping URL path /%ZZ","status":"passed","title":"rejects malformed or escaping URL path /%ZZ","duration":8.348700000000008,"failureMessages":[],"meta":{}},{"ancestorTitles":["static file handler"],"fullName":"static file handler refuses a file reached through an in-root link to an outside directory","status":"passed","title":"refuses a file reached through an in-root link to an outside directory","duration":7.9996000000001,"failureMessages":[],"meta":{}},{"ancestorTitles":["static file handler"],"fullName":"static file handler refuses an outside file when an accepted directory is swapped before open","status":"passed","title":"refuses an outside file when an accepted directory is swapped before open","duration":21.864000000000033,"failureMessages":[],"meta":{}},{"ancestorTitles":["static file handler"],"fullName":"static file handler reads through the original opened handle after an independent identity check","status":"passed","title":"reads through the original opened handle after an independent identity check","duration":11.4371000000001,"failureMessages":[],"meta":{}},{"ancestorTitles":["static file handler"],"fullName":"static file handler refuses a canonical target whose post-open identity differs from the opened file","status":"passed","title":"refuses a canonical target whose post-open identity differs from the opened file","duration":11.649599999999964,"failureMessages":[],"meta":{}},{"ancestorTitles":["static file handler"],"fullName":"static file handler returns false for missing files and directories","status":"passed","title":"returns false for missing files and directories","duration":4.684099999999944,"failureMessages":[],"meta":{}},{"ancestorTitles":["static file handler"],"fullName":"static file handler does not swallow unexpected filesystem failures","status":"passed","title":"does not swallow unexpected filesystem failures","duration":4.191299999999956,"failureMessages":[],"meta":{}},{"ancestorTitles":["Windows folder picker"],"fullName":"Windows folder picker escapes apostrophes and invokes hidden STA PowerShell","status":"passed","title":"escapes apostrophes and invokes hidden STA PowerShell","duration":1.5305000000000746,"failureMessages":[],"meta":{}},{"ancestorTitles":["Windows folder picker"],"fullName":"Windows folder picker returns an empty string when the dialog is cancelled","status":"passed","title":"returns an empty string when the dialog is cancelled","duration":0.8442000000000007,"failureMessages":[],"meta":{}},{"ancestorTitles":["local server startup"],"fullName":"local server startup imports without creating a server or spawning an opener","status":"passed","title":"imports without creating a server or spawning an opener","duration":14.873700000000099,"failureMessages":[],"meta":{}},{"ancestorTitles":["local server startup"],"fullName":"local server startup exposes pure port parsing without starting a server","status":"passed","title":"exposes pure port parsing without starting a server","duration":2.1295000000000073,"failureMessages":[],"meta":{}},{"ancestorTitles":["local server startup"],"fullName":"local server startup reports an injected startup failure and returns nonzero behavior without mutating process","status":"passed","title":"reports an injected startup failure and returns nonzero behavior without mutating process","duration":1.578899999999976,"failureMessages":[],"meta":{}},{"ancestorTitles":["local server startup"],"fullName":"local server startup contains a delayed opener error, reports failure, and closes the announced server","status":"passed","title":"contains a delayed opener error, reports failure, and closes the announced server","duration":55.16639999999984,"failureMessages":[],"meta":{}},{"ancestorTitles":["local server startup"],"fullName":"local server startup binds loopback on an ephemeral port, reports one startup line, and opens on request","status":"passed","title":"binds loopback on an ephemeral port, reports one startup line, and opens on request","duration":2.859499999999798,"failureMessages":[],"meta":{}},{"ancestorTitles":["local server startup"],"fullName":"local server startup rejects invalid configured port \"\"","status":"passed","title":"rejects invalid configured port \"\"","duration":1.2140999999999167,"failureMessages":[],"meta":{}},{"ancestorTitles":["local server startup"],"fullName":"local server startup rejects invalid configured port \"abc\"","status":"passed","title":"rejects invalid configured port \"abc\"","duration":0.9009000000000924,"failureMessages":[],"meta":{}},{"ancestorTitles":["local server startup"],"fullName":"local server startup rejects invalid configured port \"-1\"","status":"passed","title":"rejects invalid configured port \"-1\"","duration":0.7315000000000964,"failureMessages":[],"meta":{}},{"ancestorTitles":["local server startup"],"fullName":"local server startup rejects invalid configured port \"1.5\"","status":"passed","title":"rejects invalid configured port \"1.5\"","duration":0.6621999999999844,"failureMessages":[],"meta":{}},{"ancestorTitles":["local server startup"],"fullName":"local server startup rejects invalid configured port \"65536\"","status":"passed","title":"rejects invalid configured port \"65536\"","duration":0.613800000000083,"failureMessages":[],"meta":{}}],"startTime":1784088149686,"endTime":1784088150284.6138,"status":"passed","message":"","name":"D:/a/rogue-offline/rogue-offline/Tool/server/app.test.js"},{"assertionResults":[{"ancestorTitles":["asset API replacement transaction"],"fullName":"asset API replacement transaction commits removal of the previous role only after new metadata saves","status":"passed","title":"commits removal of the previous role only after new metadata saves","duration":51.63040000000001,"failureMessages":[],"meta":{}},{"ancestorTitles":["asset API replacement transaction"],"fullName":"asset API replacement transaction restores both files when the canonical project save fails","status":"passed","title":"restores both files when the canonical project save fails","duration":14.08439999999996,"failureMessages":[],"meta":{}}],"startTime":1784088154075,"endTime":1784088154141.0845,"status":"passed","message":"","name":"D:/a/rogue-offline/rogue-offline/Tool/server/asset-api-transaction.test.js"},{"assertionResults":[{"ancestorTitles":["authoring companion services"],"fullName":"authoring companion services detects the verified modern checkout, catalogs symbols, and allocates unused IDs","status":"passed","title":"detects the verified modern checkout, catalogs symbols, and allocates unused IDs","duration":751.5724000000001,"failureMessages":[],"meta":{}},{"ancestorTitles":["authoring companion services"],"fullName":"authoring companion services reports unknown target symbols and dirty source as blocking analysis issues","status":"passed","title":"reports unknown target symbols and dirty source as blocking analysis issues","duration":589.7272,"failureMessages":[],"meta":{}},{"ancestorTitles":["authoring companion services"],"fullName":"authoring companion services stores validated assets and supports reversible quarantine","status":"passed","title":"stores validated assets and supports reversible quarantine","duration":63.20900000000006,"failureMessages":[],"meta":{}},{"ancestorTitles":["authoring companion services"],"fullName":"authoring companion services pins delivery to the saved revision and verifies an isolated target build before apply","status":"passed","title":"pins delivery to the saved revision and verifies an isolated target build before apply","duration":1054.2399999999998,"failureMessages":[],"meta":{}}],"startTime":1784088150881,"endTime":1784088153339.24,"status":"passed","message":"","name":"D:/a/rogue-offline/rogue-offline/Tool/server/authoring-services.test.js"},{"assertionResults":[{"ancestorTitles":["unbound auto-detect packages"],"fullName":"unbound auto-detect packages accepts auto-detect only after analysis resolves the verified modern adapter","status":"passed","title":"accepts auto-detect only after analysis resolves the verified modern adapter","duration":12.061400000000049,"failureMessages":[],"meta":{}},{"ancestorTitles":["unbound auto-detect packages"],"fullName":"unbound auto-detect packages allows auto-detect in core validation but still rejects another named adapter","status":"passed","title":"allows auto-detect in core validation but still rejects another named adapter","duration":2.8618999999999915,"failureMessages":[],"meta":{}}],"startTime":1784088155671,"endTime":1784088155685.8618,"status":"passed","message":"","name":"D:/a/rogue-offline/rogue-offline/Tool/server/auto-detect-package.test.js"},{"assertionResults":[{"ancestorTitles":["authoring and delivery API routes"],"fullName":"authoring and delivery API routes accepts asset payloads above the former 1 MB limit and commits metadata with the file","status":"passed","title":"accepts asset payloads above the former 1 MB limit and commits metadata with the file","duration":61.98520000000008,"failureMessages":[],"meta":{}},{"ancestorTitles":["authoring and delivery API routes"],"fullName":"authoring and delivery API routes quarantines asset and stage files until the matching metadata save succeeds","status":"passed","title":"quarantines asset and stage files until the matching metadata save succeeds","duration":8.522199999999998,"failureMessages":[],"meta":{}},{"ancestorTitles":["authoring and delivery API routes"],"fullName":"authoring and delivery API routes passes expected revisions to every delivery operation","status":"passed","title":"passes expected revisions to every delivery operation","duration":11.564200000000028,"failureMessages":[],"meta":{}},{"ancestorTitles":["authoring and delivery API routes"],"fullName":"authoring and delivery API routes rejects unsafe uninstall IDs at the API boundary","status":"passed","title":"rejects unsafe uninstall IDs at the API boundary","duration":5.571900000000028,"failureMessages":[],"meta":{}}],"startTime":1784088152588,"endTime":1784088152675.572,"status":"passed","message":"","name":"D:/a/rogue-offline/rogue-offline/Tool/server/delivery-api.test.js"},{"assertionResults":[{"ancestorTitles":["installer hardening"],"fullName":"installer hardening restores the previous installed transaction when replacement fails after rollback","status":"passed","title":"restores the previous installed transaction when replacement fails after rollback","duration":756.7289999999999,"failureMessages":[],"meta":{}},{"ancestorTitles":["installer hardening"],"fullName":"installer hardening refuses uninstall when an installed source file was edited later","status":"passed","title":"refuses uninstall when an installed source file was edited later","duration":372.1253999999999,"failureMessages":[],"meta":{}},{"ancestorTitles":["installer hardening"],"fullName":"installer hardening rejects hostile uninstall IDs before constructing journal paths","status":"passed","title":"rejects hostile uninstall IDs before constructing journal paths","duration":165.33100000000013,"failureMessages":[],"meta":{}},{"ancestorTitles":["installer hardening"],"fullName":"installer hardening treats an identical existing enum ID and name as occupied","status":"passed","title":"treats an identical existing enum ID and name as occupied","duration":211.12469999999985,"failureMessages":[],"meta":{}},{"ancestorTitles":["installer hardening"],"fullName":"installer hardening rejects duplicate resolved asset destinations","status":"passed","title":"rejects duplicate resolved asset destinations","duration":231.38920000000007,"failureMessages":[],"meta":{}},{"ancestorTitles":["installer hardening"],"fullName":"installer hardening preserves zero values and writes male percentage without inversion","status":"passed","title":"preserves zero values and writes male percentage without inversion","duration":318.83950000000004,"failureMessages":[],"meta":{}},{"ancestorTitles":["installer hardening"],"fullName":"installer hardening rejects unsupported egg counts and unmatched encounter biomes","status":"passed","title":"rejects unsupported egg counts and unmatched encounter biomes","duration":410.63859999999977,"failureMessages":[],"meta":{}}],"startTime":1784088149458,"endTime":1784088151924.6387,"status":"passed","message":"","name":"D:/a/rogue-offline/rogue-offline/Tool/server/installer-hardening.test.js"},{"assertionResults":[{"ancestorTitles":["installer recovery and locking"],"fullName":"installer recovery and locking restores an operation that may have written before its final journal update","status":"passed","title":"restores an operation that may have written before its final journal update","duration":170.85760000000005,"failureMessages":[],"meta":{}},{"ancestorTitles":["installer recovery and locking"],"fullName":"installer recovery and locking does not enter a checkout while a live operation lock exists","status":"passed","title":"does not enter a checkout while a live operation lock exists","duration":126.01109999999994,"failureMessages":[],"meta":{}}],"startTime":1784088156163,"endTime":1784088156460.011,"status":"passed","message":"","name":"D:/a/rogue-offline/rogue-offline/Tool/server/installer-recovery.test.js"},{"assertionResults":[{"ancestorTitles":["installer runtime path guard"],"fullName":"installer runtime path guard rejects lexical paths outside the checkout","status":"passed","title":"rejects lexical paths outside the checkout","duration":6.652400000000057,"failureMessages":[],"meta":{}},{"ancestorTitles":["installer runtime path guard"],"fullName":"installer runtime path guard rejects a source junction before target inspection or writes","status":"passed","title":"rejects a source junction before target inspection or writes","duration":8.958499999999958,"failureMessages":[],"meta":{}},{"ancestorTitles":["installer runtime path guard"],"fullName":"installer runtime path guard rejects linked transaction-state directories","status":"passed","title":"rejects linked transaction-state directories","duration":10.907300000000077,"failureMessages":[],"meta":{}}],"startTime":1784088156415,"endTime":1784088156441.9072,"status":"passed","message":"","name":"D:/a/rogue-offline/rogue-offline/Tool/server/installer-runtime-guard.test.js"},{"assertionResults":[{"ancestorTitles":["transactional PokéRogue installer"],"fullName":"transactional PokéRogue installer installs modern authored data and restores every file exactly","status":"passed","title":"installs modern authored data and restores every file exactly","duration":616.7248999999999,"failureMessages":[],"meta":{}}],"startTime":1784088151310,"endTime":1784088151926.7249,"status":"passed","message":"","name":"D:/a/rogue-offline/rogue-offline/Tool/server/installer-transaction.test.js"},{"assertionResults":[{"ancestorTitles":["successful transactional update"],"fullName":"successful transactional update plans from original backups, replaces one owned block, and still restores originals","status":"passed","title":"plans from original backups, replaces one owned block, and still restores originals","duration":798.0289,"failureMessages":[],"meta":{}}],"startTime":1784088152572,"endTime":1784088153370.0288,"status":"passed","message":"","name":"D:/a/rogue-offline/rogue-offline/Tool/server/installer-update-success.test.js"},{"assertionResults":[{"ancestorTitles":["manual package target preflight"],"fullName":"manual package target preflight derives symbol-validation and allocation context from a delivery manifest","status":"passed","title":"derives symbol-validation and allocation context from a delivery manifest","duration":5.680100000000039,"failureMessages":[],"meta":{}},{"ancestorTitles":["manual package target preflight"],"fullName":"manual package target preflight rejects fingerprint mismatches before invoking the isolated build","status":"passed","title":"rejects fingerprint mismatches before invoking the isolated build","duration":10.86099999999999,"failureMessages":[],"meta":{}},{"ancestorTitles":["manual package target preflight"],"fullName":"manual package target preflight runs isolated target verification before the real installer for manifest and package paths","status":"passed","title":"runs isolated target verification before the real installer for manifest and package paths","duration":6.084999999999923,"failureMessages":[],"meta":{}},{"ancestorTitles":["manual package target preflight"],"fullName":"manual package target preflight does not invoke the real installer when isolated verification fails","status":"passed","title":"does not invoke the real installer when isolated verification fails","duration":3.7577999999999747,"failureMessages":[],"meta":{}}],"startTime":1784088154867,"endTime":1784088154893.7578,"status":"passed","message":"","name":"D:/a/rogue-offline/rogue-offline/Tool/server/manual-package-preflight.test.js"},{"assertionResults":[{"ancestorTitles":["portable package installer"],"fullName":"portable package installer materializes the exact verified embedded asset set for the transactional installer","status":"passed","title":"materializes the exact verified embedded asset set for the transactional installer","duration":17.04230000000007,"failureMessages":[],"meta":{}},{"ancestorTitles":["portable package installer"],"fullName":"portable package installer rejects mismatched hashes, missing assets, duplicates, and unreferenced assets","status":"passed","title":"rejects mismatched hashes, missing assets, duplicates, and unreferenced assets","duration":10.212600000000066,"failureMessages":[],"meta":{}}],"startTime":1784088154908,"endTime":1784088154936.2126,"status":"passed","message":"","name":"D:/a/rogue-offline/rogue-offline/Tool/server/package-installer.test.js"},{"assertionResults":[{"ancestorTitles":["project filesystem utilities"],"fullName":"project filesystem utilities writes canonical JSON atomically into a recursively created parent","status":"passed","title":"writes canonical JSON atomically into a recursively created parent","duration":35.08310000000006,"failureMessages":[],"meta":{}},{"ancestorTitles":["project filesystem utilities"],"fullName":"project filesystem utilities retains autosaves by numeric revision while ignoring unrelated files","status":"passed","title":"retains autosaves by numeric revision while ignoring unrelated files","duration":52.106899999999996,"failureMessages":[],"meta":{}},{"ancestorTitles":["project filesystem utilities"],"fullName":"project filesystem utilities syncs and closes the atomic temp file before renaming it","status":"passed","title":"syncs and closes the atomic temp file before renaming it","duration":12.170400000000086,"failureMessages":[],"meta":{}},{"ancestorTitles":["project filesystem utilities"],"fullName":"project filesystem utilities cleans up its temp sibling when the atomic rename fails","status":"passed","title":"cleans up its temp sibling when the atomic rename fails","duration":11.140600000000063,"failureMessages":[],"meta":{}},{"ancestorTitles":["portable project repository"],"fullName":"portable project repository creates and opens a canonical portable project folder","status":"passed","title":"creates and opens a canonical portable project folder","duration":56.626300000000015,"failureMessages":[],"meta":{}},{"ancestorTitles":["portable project repository"],"fullName":"portable project repository saves an edited project atomically with one revision increment and bounded autosaves","status":"passed","title":"saves an edited project atomically with one revision increment and bounded autosaves","duration":382.96439999999984,"failureMessages":[],"meta":{}},{"ancestorTitles":["portable project repository"],"fullName":"portable project repository rejects a blank project name before filesystem mutation: \"\"","status":"passed","title":"rejects a blank project name before filesystem mutation: \"\"","duration":3.0950000000000273,"failureMessages":[],"meta":{}},{"ancestorTitles":["portable project repository"],"fullName":"portable project repository rejects a blank project name before filesystem mutation: \"   \"","status":"passed","title":"rejects a blank project name before filesystem mutation: \"   \"","duration":1.9287999999999101,"failureMessages":[],"meta":{}},{"ancestorTitles":["portable project repository"],"fullName":"portable project repository rejects a blank project name before filesystem mutation: \"\\t\\n\"","status":"passed","title":"rejects a blank project name before filesystem mutation: \"\\t\\n\"","duration":1.8233000000000175,"failureMessages":[],"meta":{}},{"ancestorTitles":["portable project repository"],"fullName":"portable project repository rejects traversal and separators without escaping the selected parent","status":"passed","title":"rejects traversal and separators without escaping the selected parent","duration":4.341099999999869,"failureMessages":[],"meta":{}},{"ancestorTitles":["portable project repository"],"fullName":"portable project repository rejects a Windows-invalid or reserved project folder name: \"angle<name\"","status":"passed","title":"rejects a Windows-invalid or reserved project folder name: \"angle<name\"","duration":2.3541999999999916,"failureMessages":[],"meta":{}},{"ancestorTitles":["portable project repository"],"fullName":"portable project repository rejects a Windows-invalid or reserved project folder name: \"angle>name\"","status":"passed","title":"rejects a Windows-invalid or reserved project folder name: \"angle>name\"","duration":1.7397000000000844,"failureMessages":[],"meta":{}},{"ancestorTitles":["portable project repository"],"fullName":"portable project repository rejects a Windows-invalid or reserved project folder name: \"colon:name\"","status":"passed","title":"rejects a Windows-invalid or reserved project folder name: \"colon:name\"","duration":2.037900000000036,"failureMessages":[],"meta":{}},{"ancestorTitles":["portable project repository"],"fullName":"portable project repository rejects a Windows-invalid or reserved project folder name: \"quote\\\"name\"","status":"passed","title":"rejects a Windows-invalid or reserved project folder name: \"quote\\\"name\"","duration":2.150899999999865,"failureMessages":[],"meta":{}},{"ancestorTitles":["portable project repository"],"fullName":"portable project repository rejects a Windows-invalid or reserved project folder name: \"pipe|name\"","status":"passed","title":"rejects a Windows-invalid or reserved project folder name: \"pipe|name\"","duration":1.55600000000004,"failureMessages":[],"meta":{}},{"ancestorTitles":["portable project repository"],"fullName":"portable project repository rejects a Windows-invalid or reserved project folder name: \"question?name\"","status":"passed","title":"rejects a Windows-invalid or reserved project folder name: \"question?name\"","duration":2.251500000000078,"failureMessages":[],"meta":{}},{"ancestorTitles":["portable project repository"],"fullName":"portable project repository rejects a Windows-invalid or reserved project folder name: \"star*name\"","status":"passed","title":"rejects a Windows-invalid or reserved project folder name: \"star*name\"","duration":1.5681999999999334,"failureMessages":[],"meta":{}},{"ancestorTitles":["portable project repository"],"fullName":"portable project repository rejects a Windows-invalid or reserved project folder name: \"control\\u0001name\"","status":"passed","title":"rejects a Windows-invalid or reserved project folder name: \"control\\u0001name\"","duration":2.034599999999955,"failureMessages":[],"meta":{}},{"ancestorTitles":["portable project repository"],"fullName":"portable project repository rejects a Windows-invalid or reserved project folder name: \"trailing.\"","status":"passed","title":"rejects a Windows-invalid or reserved project folder name: \"trailing.\"","duration":1.6407999999998992,"failureMessages":[],"meta":{}},{"ancestorTitles":["portable project repository"],"fullName":"portable project repository rejects a Windows-invalid or reserved project folder name: \".\"","status":"passed","title":"rejects a Windows-invalid or reserved project folder name: \".\"","duration":1.5036999999999807,"failureMessages":[],"meta":{}},{"ancestorTitles":["portable project repository"],"fullName":"portable project repository rejects a Windows-invalid or reserved project folder name: \"..\"","status":"passed","title":"rejects a Windows-invalid or reserved project folder name: \"..\"","duration":1.6609000000000833,"failureMessages":[],"meta":{}},{"ancestorTitles":["portable project repository"],"fullName":"portable project repository rejects a Windows-invalid or reserved project folder name: \"CON\"","status":"passed","title":"rejects a Windows-invalid or reserved project folder name: \"CON\"","duration":3.779800000000023,"failureMessages":[],"meta":{}},{"ancestorTitles":["portable project repository"],"fullName":"portable project repository rejects a Windows-invalid or reserved project folder name: \"con.txt\"","status":"passed","title":"rejects a Windows-invalid or reserved project folder name: \"con.txt\"","duration":1.7595000000001164,"failureMessages":[],"meta":{}},{"ancestorTitles":["portable project repository"],"fullName":"portable project repository rejects a Windows-invalid or reserved project folder name: \"PRN\"","status":"passed","title":"rejects a Windows-invalid or reserved project folder name: \"PRN\"","duration":1.484899999999925,"failureMessages":[],"meta":{}},{"ancestorTitles":["portable project repository"],"fullName":"portable project repository rejects a Windows-invalid or reserved project folder name: \"AUX.json\"","status":"passed","title":"rejects a Windows-invalid or reserved project folder name: \"AUX.json\"","duration":1.4314999999999145,"failureMessages":[],"meta":{}},{"ancestorTitles":["portable project repository"],"fullName":"portable project repository rejects a Windows-invalid or reserved project folder name: \"nul\"","status":"passed","title":"rejects a Windows-invalid or reserved project folder name: \"nul\"","duration":1.741399999999885,"failureMessages":[],"meta":{}},{"ancestorTitles":["portable project repository"],"fullName":"portable project repository rejects a Windows-invalid or reserved project folder name: \"COM1\"","status":"passed","title":"rejects a Windows-invalid or reserved project folder name: \"COM1\"","duration":3.5576999999998407,"failureMessages":[],"meta":{}},{"ancestorTitles":["portable project repository"],"fullName":"portable project repository rejects a Windows-invalid or reserved project folder name: \"com9.log\"","status":"passed","title":"rejects a Windows-invalid or reserved project folder name: \"com9.log\"","duration":1.3209000000001652,"failureMessages":[],"meta":{}},{"ancestorTitles":["portable project repository"],"fullName":"portable project repository rejects a Windows-invalid or reserved project folder name: \"COM¹\"","status":"passed","title":"rejects a Windows-invalid or reserved project folder name: \"COM¹\"","duration":1.4307000000001153,"failureMessages":[],"meta":{}},{"ancestorTitles":["portable project repository"],"fullName":"portable project repository rejects a Windows-invalid or reserved project folder name: \"com².txt\"","status":"passed","title":"rejects a Windows-invalid or reserved project folder name: \"com².txt\"","duration":1.3769999999999527,"failureMessages":[],"meta":{}},{"ancestorTitles":["portable project repository"],"fullName":"portable project repository rejects a Windows-invalid or reserved project folder name: \"COM³\"","status":"passed","title":"rejects a Windows-invalid or reserved project folder name: \"COM³\"","duration":1.7194999999999254,"failureMessages":[],"meta":{}},{"ancestorTitles":["portable project repository"],"fullName":"portable project repository rejects a Windows-invalid or reserved project folder name: \"LPT1\"","status":"passed","title":"rejects a Windows-invalid or reserved project folder name: \"LPT1\"","duration":2.0470000000000255,"failureMessages":[],"meta":{}},{"ancestorTitles":["portable project repository"],"fullName":"portable project repository rejects a Windows-invalid or reserved project folder name: \"lpt9.txt\"","status":"passed","title":"rejects a Windows-invalid or reserved project folder name: \"lpt9.txt\"","duration":1.383199999999988,"failureMessages":[],"meta":{}},{"ancestorTitles":["portable project repository"],"fullName":"portable project repository rejects a Windows-invalid or reserved project folder name: \"LPT¹\"","status":"passed","title":"rejects a Windows-invalid or reserved project folder name: \"LPT¹\"","duration":1.4221999999999753,"failureMessages":[],"meta":{}},{"ancestorTitles":["portable project repository"],"fullName":"portable project repository rejects a Windows-invalid or reserved project folder name: \"lpt².log\"","status":"passed","title":"rejects a Windows-invalid or reserved project folder name: \"lpt².log\"","duration":1.563799999999901,"failureMessages":[],"meta":{}},{"ancestorTitles":["portable project repository"],"fullName":"portable project repository rejects a Windows-invalid or reserved project folder name: \"LPT³\"","status":"passed","title":"rejects a Windows-invalid or reserved project folder name: \"LPT³\"","duration":1.600500000000011,"failureMessages":[],"meta":{}},{"ancestorTitles":["portable project repository"],"fullName":"portable project repository reports invalid JSON and project validation failures when opening","status":"passed","title":"reports invalid JSON and project validation failures when opening","duration":7.2116000000000895,"failureMessages":[],"meta":{}},{"ancestorTitles":["portable project repository"],"fullName":"portable project repository rejects an invalid save without replacing the canonical project","status":"passed","title":"rejects an invalid save without replacing the canonical project","duration":38.52089999999998,"failureMessages":[],"meta":{}},{"ancestorTitles":["portable project repository"],"fullName":"portable project repository does not coerce an invalid draft revision into a valid saved revision","status":"passed","title":"does not coerce an invalid draft revision into a valid saved revision","duration":28.362199999999802,"failureMessages":[],"meta":{}},{"ancestorTitles":["portable project repository"],"fullName":"portable project repository rejects a stale draft without replacing canonical state or autosaves","status":"passed","title":"rejects a stale draft without replacing canonical state or autosaves","duration":56.07719999999995,"failureMessages":[],"meta":{}},{"ancestorTitles":["portable project repository"],"fullName":"portable project repository serializes overlapping saves so exactly one same-revision draft commits","status":"passed","title":"serializes overlapping saves so exactly one same-revision draft commits","duration":35.96180000000004,"failureMessages":[],"meta":{}},{"ancestorTitles":["portable project repository"],"fullName":"portable project repository serializes overlapping saves through differently-cased Windows paths","status":"passed","title":"serializes overlapping saves through differently-cased Windows paths","duration":37.34710000000018,"failureMessages":[],"meta":{}},{"ancestorTitles":["portable project repository"],"fullName":"portable project repository serializes overlapping saves through a Windows junction alias","status":"passed","title":"serializes overlapping saves through a Windows junction alias","duration":40.26299999999992,"failureMessages":[],"meta":{}},{"ancestorTitles":["portable project repository"],"fullName":"portable project repository reports filesystem-identity failures without poisoning later saves","status":"passed","title":"reports filesystem-identity failures without poisoning later saves","duration":40.71070000000009,"failureMessages":[],"meta":{}},{"ancestorTitles":["portable project repository"],"fullName":"portable project repository allows a later save to proceed after an earlier queued save fails","status":"passed","title":"allows a later save to proceed after an earlier queued save fails","duration":53.36889999999994,"failureMessages":[],"meta":{}},{"ancestorTitles":["portable project repository"],"fullName":"portable project repository does not serialize saves for different project directories","status":"passed","title":"does not serialize saves for different project directories","duration":65.17309999999998,"failureMessages":[],"meta":{}},{"ancestorTitles":["portable project repository"],"fullName":"portable project repository rejects a draft that changes immutable project identity field projectId","status":"passed","title":"rejects a draft that changes immutable project identity field projectId","duration":24.006700000000137,"failureMessages":[],"meta":{}},{"ancestorTitles":["portable project repository"],"fullName":"portable project repository rejects a draft that changes immutable project identity field createdAt","status":"passed","title":"rejects a draft that changes immutable project identity field createdAt","duration":30.148500000000013,"failureMessages":[],"meta":{}},{"ancestorTitles":["portable project repository"],"fullName":"portable project repository rejects a draft that changes immutable project identity field schemaVersion","status":"passed","title":"rejects a draft that changes immutable project identity field schemaVersion","duration":29.901799999999866,"failureMessages":[],"meta":{}},{"ancestorTitles":["portable project repository"],"fullName":"portable project repository does not replace canonical state when the autosave cannot be written","status":"passed","title":"does not replace canonical state when the autosave cannot be written","duration":31.801999999999907,"failureMessages":[],"meta":{}},{"ancestorTitles":["portable project repository"],"fullName":"portable project repository chooses numbered sibling directories when project names collide","status":"passed","title":"chooses numbered sibling directories when project names collide","duration":79.16120000000001,"failureMessages":[],"meta":{}},{"ancestorTitles":["portable project repository"],"fullName":"portable project repository removes a claimed project directory after ordered initialization fails","status":"passed","title":"removes a claimed project directory after ordered initialization fails","duration":6.946999999999889,"failureMessages":[],"meta":{}},{"ancestorTitles":["portable project repository"],"fullName":"portable project repository reports both initialization and cleanup errors when partial-create cleanup fails","status":"passed","title":"reports both initialization and cleanup errors when partial-create cleanup fails","duration":4.653299999999945,"failureMessages":[],"meta":{}}],"startTime":1784088149517,"endTime":1784088150737.6533,"status":"passed","message":"","name":"D:/a/rogue-offline/rogue-offline/Tool/server/project-repository.test.js"},{"assertionResults":[{"ancestorTitles":["prepared transaction destination containment"],"fullName":"prepared transaction destination containment accepts a missing deep destination when its nearest existing parent is contained","status":"passed","title":"accepts a missing deep destination when its nearest existing parent is contained","duration":7.617999999999938,"failureMessages":[],"meta":{}},{"ancestorTitles":["prepared transaction destination containment"],"fullName":"prepared transaction destination containment still rejects a missing destination whose lexical path escapes","status":"passed","title":"still rejects a missing destination whose lexical path escapes","duration":1.49249999999995,"failureMessages":[],"meta":{}}],"startTime":1784088157801,"endTime":1784088157810.4924,"status":"passed","message":"","name":"D:/a/rogue-offline/rogue-offline/Tool/server/runtime-guard-prepared-destination.test.js"},{"assertionResults":[{"ancestorTitles":["production static entry"],"fullName":"production static entry prefers the Vite index.html output at the root","status":"passed","title":"prefers the Vite index.html output at the root","duration":15.29200000000003,"failureMessages":[],"meta":{}},{"ancestorTitles":["production static entry"],"fullName":"production static entry falls back to legacy dev.html when index.html is absent","status":"passed","title":"falls back to legacy dev.html when index.html is absent","duration":6.314999999999941,"failureMessages":[],"meta":{}}],"startTime":1784088157163,"endTime":1784088157185.315,"status":"passed","message":"","name":"D:/a/rogue-offline/rogue-offline/Tool/server/static-entry.test.js"},{"assertionResults":[{"ancestorTitles":["owned target reanalysis"],"fullName":"owned target reanalysis keeps the baseline fingerprint and stage allocation after a valid owned install","status":"passed","title":"keeps the baseline fingerprint and stage allocation after a valid owned install","duration":795.3799,"failureMessages":[],"meta":{}}],"startTime":1784088153405,"endTime":1784088154200.38,"status":"passed","message":"","name":"D:/a/rogue-offline/rogue-offline/Tool/server/target-owned-install.test.js"},{"assertionResults":[{"ancestorTitles":["target Git cleanliness"],"fullName":"target Git cleanliness blocks an untracked source file even when tracked files are unchanged","status":"passed","title":"blocks an untracked source file even when tracked files are unchanged","duration":660.6054,"failureMessages":[],"meta":{}},{"ancestorTitles":["target Git cleanliness"],"fullName":"target Git cleanliness ignores only Mod Studio transaction state","status":"passed","title":"ignores only Mod Studio transaction state","duration":660.1236000000001,"failureMessages":[],"meta":{}}],"startTime":1784088153999,"endTime":1784088155320.1235,"status":"passed","message":"","name":"D:/a/rogue-offline/rogue-offline/Tool/server/target-untracked-source.test.js"},{"assertionResults":[{"ancestorTitles":["Windows folder picker"],"fullName":"Windows folder picker uses a topmost owner window and returns the selected path","status":"passed","title":"uses a topmost owner window and returns the selected path","duration":8.487800000000107,"failureMessages":[],"meta":{}},{"ancestorTitles":["Windows folder picker"],"fullName":"Windows folder picker returns an empty path when the user cancels","status":"passed","title":"returns an empty path when the user cancels","duration":0.6019000000000005,"failureMessages":[],"meta":{}},{"ancestorTitles":["Windows folder picker"],"fullName":"Windows folder picker turns a stalled native picker into a recoverable request error","status":"passed","title":"turns a stalled native picker into a recoverable request error","duration":1.4990999999999985,"failureMessages":[],"meta":{}}],"startTime":1784088157265,"endTime":1784088157275.499,"status":"passed","message":"","name":"D:/a/rogue-offline/rogue-offline/Tool/server/windows-dialog.test.js"},{"assertionResults":[{"ancestorTitles":["project authoring domain"],"fullName":"project authoring domain authors validated moves, forms, branches, pool membership, assets, and target allocations","status":"passed","title":"authors validated moves, forms, branches, pool membership, assets, and target allocations","duration":18.931699999999864,"failureMessages":[],"meta":{}},{"ancestorTitles":["project authoring domain"],"fullName":"project authoring domain caps egg moves and replaces an existing asset role instead of creating a duplicate destination","status":"passed","title":"caps egg moves and replaces an existing asset role instead of creating a duplicate destination","duration":2.9728000000000065,"failureMessages":[],"meta":{}},{"ancestorTitles":["project authoring domain"],"fullName":"project authoring domain cascades stage deletion through graph, encounters, replacements, and allocations","status":"passed","title":"cascades stage deletion through graph, encounters, replacements, and allocations","duration":1.0505000000000564,"failureMessages":[],"meta":{}},{"ancestorTitles":["project authoring domain"],"fullName":"project authoring domain reports cycles and incomplete replacement policies as blocking issues","status":"passed","title":"reports cycles and incomplete replacement policies as blocking issues","duration":1.2746999999999389,"failureMessages":[],"meta":{}}],"startTime":1784088158719,"endTime":1784088158743.2747,"status":"passed","message":"","name":"D:/a/rogue-offline/rogue-offline/Tool/shared/project-authoring.test.js"},{"assertionResults":[{"ancestorTitles":["deep portable project validation"],"fullName":"deep portable project validation rejects malformed nested forms, assets, moves, edges, encounters, and bindings without throwing","status":"passed","title":"rejects malformed nested forms, assets, moves, edges, encounters, and bindings without throwing","duration":9.379599999999982,"failureMessages":[],"meta":{}},{"ancestorTitles":["deep portable project validation"],"fullName":"deep portable project validation accepts explicit genderless data and valid zero friendship and capture rate","status":"passed","title":"accepts explicit genderless data and valid zero friendship and capture rate","duration":0.9257999999999811,"failureMessages":[],"meta":{}}],"startTime":1784088162024,"endTime":1784088162033.9258,"status":"passed","message":"","name":"D:/a/rogue-offline/rogue-offline/Tool/shared/project-schema-hardening.test.js"},{"assertionResults":[{"ancestorTitles":["portable project domain"],"fullName":"portable project domain creates a blank one-stage evolution family without official data","status":"passed","title":"creates a blank one-stage evolution family without official data","duration":4.7490999999999985,"failureMessages":[],"meta":{}},{"ancestorTitles":["portable project domain"],"fullName":"portable project domain adds and removes stages while preserving immutable IDs","status":"passed","title":"adds and removes stages while preserving immutable IDs","duration":1.3240999999998166,"failureMessages":[],"meta":{}},{"ancestorTitles":["portable project domain"],"fullName":"portable project domain synchronizes clamped base stats and calculates BST","status":"passed","title":"synchronizes clamped base stats and calculates BST","duration":1.092600000000175,"failureMessages":[],"meta":{}},{"ancestorTitles":["portable project domain"],"fullName":"portable project domain normalizes slugs and reports duplicate stage slugs","status":"passed","title":"normalizes slugs and reports duplicate stage slugs","duration":2.6403999999999996,"failureMessages":[],"meta":{}},{"ancestorTitles":["portable project domain"],"fullName":"portable project domain reuses the lowest available default stage ordinal after a middle removal","status":"passed","title":"reuses the lowest available default stage ordinal after a middle removal","duration":0.8198999999999614,"failureMessages":[],"meta":{}},{"ancestorTitles":["portable project domain"],"fullName":"portable project domain returns a structured error for a non-object project: null","status":"passed","title":"returns a structured error for a non-object project: null","duration":0.3170999999999822,"failureMessages":[],"meta":{}},{"ancestorTitles":["portable project domain"],"fullName":"portable project domain returns a structured error for a non-object project: undefined","status":"passed","title":"returns a structured error for a non-object project: undefined","duration":0.17270000000007713,"failureMessages":[],"meta":{}},{"ancestorTitles":["portable project domain"],"fullName":"portable project domain returns a structured error for a non-object project: 42","status":"passed","title":"returns a structured error for a non-object project: 42","duration":0.1291999999998552,"failureMessages":[],"meta":{}},{"ancestorTitles":["portable project domain"],"fullName":"portable project domain returns a structured error for a non-object project: \"project\"","status":"passed","title":"returns a structured error for a non-object project: \"project\"","duration":0.1311000000000604,"failureMessages":[],"meta":{}},{"ancestorTitles":["portable project domain"],"fullName":"portable project domain returns a structured error for a non-object project: %j","status":"passed","title":"returns a structured error for a non-object project: %j","duration":0.19449999999983447,"failureMessages":[],"meta":{}},{"ancestorTitles":["portable project domain"],"fullName":"portable project domain rejects non-string project names and invalid stage collections","status":"passed","title":"rejects non-string project names and invalid stage collections","duration":0.7358000000001539,"failureMessages":[],"meta":{}},{"ancestorTitles":["portable project domain"],"fullName":"portable project domain rejects a non-object stage without throwing: null","status":"passed","title":"rejects a non-object stage without throwing: null","duration":0.18950000000018008,"failureMessages":[],"meta":{}},{"ancestorTitles":["portable project domain"],"fullName":"portable project domain rejects a non-object stage without throwing: 17","status":"passed","title":"rejects a non-object stage without throwing: 17","duration":0.11969999999996617,"failureMessages":[],"meta":{}},{"ancestorTitles":["portable project domain"],"fullName":"portable project domain rejects a non-object stage without throwing: \"stage\"","status":"passed","title":"rejects a non-object stage without throwing: \"stage\"","duration":0.40780000000017935,"failureMessages":[],"meta":{}},{"ancestorTitles":["portable project domain"],"fullName":"portable project domain rejects a non-object stage without throwing: %j","status":"passed","title":"rejects a non-object stage without throwing: %j","duration":0.18329999999991742,"failureMessages":[],"meta":{}},{"ancestorTitles":["portable project domain"],"fullName":"portable project domain requires stage identity fields without duplicate-error cascades","status":"passed","title":"requires stage identity fields without duplicate-error cascades","duration":0.5900000000001455,"failureMessages":[],"meta":{}},{"ancestorTitles":["portable project domain"],"fullName":"portable project domain rejects non-custom stage sources and non-normalized slugs","status":"passed","title":"rejects non-custom stage sources and non-normalized slugs","duration":0.37779999999997926,"failureMessages":[],"meta":{}},{"ancestorTitles":["portable project domain"],"fullName":"portable project domain requires base stats, moves, forms, and assets containers","status":"passed","title":"requires base stats, moves, forms, and assets containers","duration":0.6468999999999596,"failureMessages":[],"meta":{}},{"ancestorTitles":["portable project domain"],"fullName":"portable project domain requires level-up, TM, and egg move arrays","status":"passed","title":"requires level-up, TM, and egg move arrays","duration":0.3305000000000291,"failureMessages":[],"meta":{}},{"ancestorTitles":["portable project domain"],"fullName":"portable project domain rejects missing or malformed evolution edges before domain operations","status":"passed","title":"rejects missing or malformed evolution edges before domain operations","duration":0.7500999999999749,"failureMessages":[],"meta":{}},{"ancestorTitles":["portable project domain"],"fullName":"portable project domain requires complete project identity and metadata","status":"passed","title":"requires complete project identity and metadata","duration":0.8403000000000702,"failureMessages":[],"meta":{}},{"ancestorTitles":["portable project domain"],"fullName":"portable project domain requires encounter policy arrays and target bindings without child cascades","status":"passed","title":"requires encounter policy arrays and target bindings without child cascades","duration":0.45900000000006,"failureMessages":[],"meta":{}},{"ancestorTitles":["portable project domain"],"fullName":"portable project domain requires complete stage scalar metadata and dimensions","status":"passed","title":"requires complete stage scalar metadata and dimensions","duration":0.6315999999999349,"failureMessages":[],"meta":{}},{"ancestorTitles":["portable project domain"],"fullName":"portable project domain requires stage flags, types, and abilities with essential value types","status":"passed","title":"requires stage flags, types, and abilities with essential value types","duration":0.5999000000001615,"failureMessages":[],"meta":{}}],"startTime":1784088158638,"endTime":1784088158657.5999,"status":"passed","message":"","name":"D:/a/rogue-offline/rogue-offline/Tool/shared/project-schema.test.js"},{"assertionResults":[{"ancestorTitles":["useAutosave"],"fullName":"useAutosave saves the latest dirty project after the debounce","status":"passed","title":"saves the latest dirty project after the debounce","duration":25.21219999999994,"failureMessages":[],"meta":{}},{"ancestorTitles":["useAutosave"],"fullName":"useAutosave debounces edits and ignores completion from an obsolete save","status":"passed","title":"debounces edits and ignores completion from an obsolete save","duration":6.348399999999856,"failureMessages":[],"meta":{}},{"ancestorTitles":["useAutosave"],"fullName":"useAutosave reports only the current save failure and does nothing for clean sessions","status":"passed","title":"reports only the current save failure and does nothing for clean sessions","duration":3.8233000000000175,"failureMessages":[],"meta":{}}],"startTime":1784088160268,"endTime":1784088160303.8232,"status":"passed","message":"","name":"D:/a/rogue-offline/rogue-offline/Tool/src/hooks/useAutosave.test.jsx"},{"assertionResults":[{"ancestorTitles":["project reducer"],"fullName":"project reducer opens a project and marks edits dirty","status":"passed","title":"opens a project and marks edits dirty","duration":5.237300000000005,"failureMessages":[],"meta":{}},{"ancestorTitles":["project reducer"],"fullName":"project reducer adopts the canonical saved revision","status":"passed","title":"adopts the canonical saved revision","duration":1.0815999999999804,"failureMessages":[],"meta":{}},{"ancestorTitles":["project reducer"],"fullName":"project reducer keeps the draft dirty after a failed save and can close the session","status":"passed","title":"keeps the draft dirty after a failed save and can close the session","duration":0.7507000000000517,"failureMessages":[],"meta":{}}],"startTime":1784088162420,"endTime":1784088162427.7507,"status":"passed","message":"","name":"D:/a/rogue-offline/rogue-offline/Tool/src/state/projectReducer.test.js"},{"assertionResults":[{"ancestorTitles":["test environment"],"fullName":"test environment provides a browser document with DOM matchers","status":"passed","title":"provides a browser document with DOM matchers","duration":2.8991000000000895,"failureMessages":[],"meta":{}}],"startTime":1784088163169,"endTime":1784088163171.8992,"status":"passed","message":"","name":"D:/a/rogue-offline/rogue-offline/Tool/src/test/environment.test.js"},{"assertionResults":[{"ancestorTitles":["BuildTab"],"fullName":"BuildTab keeps the Attack slider and exact input synchronized and updates BST","status":"passed","title":"keeps the Attack slider and exact input synchronized and updates BST","duration":448.02660000000014,"failureMessages":[],"meta":{}},{"ancestorTitles":["BuildTab"],"fullName":"BuildTab edits blank-stage identity without changing its immutable stage ID","status":"passed","title":"edits blank-stage identity without changing its immutable stage ID","duration":68.29240000000004,"failureMessages":[],"meta":{}},{"ancestorTitles":["BuildTab"],"fullName":"BuildTab prevents duplicate primary and secondary types","status":"passed","title":"prevents duplicate primary and secondary types","duration":101.71690000000012,"failureMessages":[],"meta":{}},{"ancestorTitles":["BuildTab"],"fullName":"BuildTab clamps invalid exact stats to the supported range","status":"passed","title":"clamps invalid exact stats to the supported range","duration":200.9623999999999,"failureMessages":[],"meta":{}}],"startTime":1784088161838,"endTime":1784088162656.9624,"status":"passed","message":"","name":"D:/a/rogue-offline/rogue-offline/Tool/src/features/editor/BuildTab.test.jsx"},{"assertionResults":[{"ancestorTitles":["EditorPage"],"fullName":"EditorPage keeps official Pokémon read-only and adds blank custom stages","status":"passed","title":"keeps official Pokémon read-only and adds blank custom stages","duration":454.1183000000001,"failureMessages":[],"meta":{}},{"ancestorTitles":["EditorPage"],"fullName":"EditorPage renders every authoring workflow instead of placeholders","status":"passed","title":"renders every authoring workflow instead of placeholders","duration":352.3692000000001,"failureMessages":[],"meta":{}},{"ancestorTitles":["EditorPage"],"fullName":"EditorPage locks filesystem and delivery actions until autosave confirms the displayed revision","status":"passed","title":"locks filesystem and delivery actions until autosave confirms the displayed revision","duration":181.01310000000012,"failureMessages":[],"meta":{}},{"ancestorTitles":["EditorPage"],"fullName":"EditorPage surfaces autosave failures in the editor","status":"passed","title":"surfaces autosave failures in the editor","duration":42.433899999999994,"failureMessages":[],"meta":{}}],"startTime":1784088159580,"endTime":1784088160609.4338,"status":"passed","message":"","name":"D:/a/rogue-offline/rogue-offline/Tool/src/features/editor/EditorPage.test.jsx"},{"assertionResults":[{"ancestorTitles":["DashboardPage"],"fullName":"DashboardPage creates a blank evolution-line project in a chosen folder","status":"passed","title":"creates a blank evolution-line project in a chosen folder","duration":493.3692000000001,"failureMessages":[],"meta":{}},{"ancestorTitles":["DashboardPage"],"fullName":"DashboardPage shows a specific progress state while the native folder picker is open","status":"passed","title":"shows a specific progress state while the native folder picker is open","duration":166.09540000000015,"failureMessages":[],"meta":{}},{"ancestorTitles":["DashboardPage"],"fullName":"DashboardPage opens a selected portable project folder","status":"passed","title":"opens a selected portable project folder","duration":44.49469999999974,"failureMessages":[],"meta":{}},{"ancestorTitles":["DashboardPage"],"fullName":"DashboardPage shows companion errors without leaving the dashboard","status":"passed","title":"shows companion errors without leaving the dashboard","duration":55.8484999999996,"failureMessages":[],"meta":{}}],"startTime":1784088160256,"endTime":1784088161015.8484,"status":"passed","message":"","name":"D:/a/rogue-offline/rogue-offline/Tool/src/features/projects/DashboardPage.test.jsx"}]}